2025-05-29 01:55:44 i18:[debug]: initI18n
2025-05-29 01:55:44 Process:[debug]: _configureReport
2025-05-29 01:55:44 Middleware:[debug]: rateLimiter
2025-05-29 01:55:44 ApiServer:[debug]: init
2025-05-29 01:55:44 Database:[debug]: init
2025-05-29 01:55:44 Passport:[debug]: init
2025-05-29 01:55:44 Redis:[debug]: init
2025-05-29 01:55:44 Socket:[debug]: init
2025-05-29 01:55:44 MainServer:[debug]: init
2025-05-29 01:55:44 [info]: Экземпляр сервера запущен на порту: 5050 в режиме: production.
2025-05-29 01:55:44 Process:[debug]: _init
2025-05-29 01:55:44 Middleware:[debug]: catch
2025-05-29 01:55:44 Socket:[debug]: _useEngineHandlers
2025-05-29 01:55:47 BaseError:[error]: RedisError: Ошибка в работе клиента Redis: getaddrinfo ENOTFOUND redis
    at RedisWorks._errorHandler (D:\dev\study\my-messenger\server\dist\core\Redis.js:56:9)
    at RedisWorks._connectErrorHandler (D:\dev\study\my-messenger\server\dist\core\Redis.js:45:14)
    at Commander.<anonymous> (D:\dev\study\my-messenger\server\dist\core\Redis.js:35:66)
    at Commander.emit (node:events:524:28)
    at RedisSocket.<anonymous> (D:\dev\study\my-messenger\server\node_modules\@redis\client\dist\lib\client\index.js:422:14)
    at RedisSocket.emit (node:events:524:28)
    at RedisSocket._RedisSocket_connect (D:\dev\study\my-messenger\server\node_modules\@redis\client\dist\lib\client\socket.js:166:18)
    at process.processTicksAndRejections (node:internal/process/task_queues:105:5)
    at async Commander.connect (D:\dev\study\my-messenger\server\node_modules\@redis\client\dist\lib\client\index.js:185:9)
2025-05-29 01:55:47 Redis:[debug]: close
2025-05-29 01:55:47 Redis:[info]: Клиент Redis остановлен.
2025-05-29 01:55:47 BaseError:[error]: SequelizeError: Соединение с базой данных завершилось с ошибкойОшибка базы данных
    at D:\dev\study\my-messenger\server\dist\core\database\Database.js:50:31
    at process.processTicksAndRejections (node:internal/process/task_queues:105:5)
2025-05-29 01:55:50 Process:[info]: Получен сигнал SIGINT, выполняется остановка сервера...
2025-05-29 01:55:50 spawn-backup-process:[info]: Задача резервного копирования остановлена.
2025-05-29 01:55:50 delete-un-used-files:[info]: Задача удаления неиспользуемых файлов проекта остановлена.
2025-05-29 01:55:50 MainServer:[debug]: close
2025-05-29 01:55:50 Database:[debug]: close
2025-05-29 01:55:50 Redis:[debug]: close
2025-05-29 01:55:50 BaseError:[error]: BaseError: The client is closed
    at ProcessWorks._shutdown (D:\dev\study\my-messenger\server\dist\service\Process.js:93:13)
    at process.processTicksAndRejections (node:internal/process/task_queues:105:5)
    at async process.<anonymous> (D:\dev\study\my-messenger\server\dist\service\Process.js:110:17)
